\BOOKMARK [1][-]{section.1}{\376\377\000I\000n\000t\000r\000o\000d\000u\000c\000t\000i\000o\000n}{}% 1
\BOOKMARK [2][-]{subsection.1.1}{\376\377\000P\000r\000e\000v\000i\000o\000u\000s\000\040\000W\000o\000r\000k}{section.1}% 2
\BOOKMARK [2][-]{subsection.1.2}{\376\377\000R\000a\000t\000i\000o\000n\000a\000l\000e\000\040\000f\000o\000r\000\040\000p\000r\000o\000p\000o\000s\000e\000d\000\040\000w\000o\000r\000k}{section.1}% 3
\BOOKMARK [1][-]{section.2}{\376\377\000T\000h\000e\000\040\000T\000a\000r\000g\000e\000t\000\040\000C\000o\000n\000t\000r\000a\000s\000t\000\040\000M\000o\000d\000e\000l}{}% 4
\BOOKMARK [2][-]{subsection.2.1}{\376\377\000T\000C\000S\000\040\000m\000o\000d\000e\000l\000l\000i\000n\000g\000\040\000o\000v\000e\000r\000v\000i\000e\000w}{section.2}% 5
\BOOKMARK [3][-]{subsubsection.2.1.1}{\376\377\000C\000a\000l\000c\000u\000l\000a\000t\000i\000n\000g\000\040\000t\000h\000e\000\040\000i\000n\000t\000e\000r\000c\000e\000p\000t\000,\000\040\000a\000,\000\040\000a\000n\000d\000\040\000t\000h\000e\000\040\000l\000o\000g\000a\000r\000i\000t\000h\000m\000i\000c\000\040\000s\000l\000o\000p\000e\000\040\000p\000a\000r\000a\000m\000e\000t\000e\000r\000,\000\040\000D\000i}{subsection.2.1}% 6
\BOOKMARK [3][-]{subsubsection.2.1.2}{\376\377\000E\000s\000t\000i\000m\000a\000t\000i\000n\000g\000\040\000D\000c\000,\000s\000,\000\040\000t\000h\000e\000\040\000l\000o\000g\000a\000r\000i\000t\000h\000m\000i\000c\000\040\000s\000l\000o\000p\000e\000\040\000p\000a\000r\000a\000m\000e\000t\000e\000r\000\040\000f\000o\000r\000\040\000c\000o\000m\000p\000o\000u\000n\000d\000\040\000f\000e\000a\000t\000u\000r\000e\000s}{subsection.2.1}% 7
\BOOKMARK [3][-]{subsubsection.2.1.3}{\376\377\000E\000s\000t\000i\000m\000a\000t\000i\000n\000g\000\040\000a\000,\000\040\000t\000h\000e\000\040\000i\000n\000t\000e\000r\000c\000e\000p\000t\000\040\000p\000a\000r\000a\000m\000e\000t\000e\000r\000\040\000f\000o\000r\000\040\000c\000o\000m\000p\000o\000u\000n\000d\000\040\000f\000e\000a\000t\000u\000r\000e\000s}{subsection.2.1}% 8
\BOOKMARK [3][-]{subsubsection.2.1.4}{\376\377\000E\000s\000t\000i\000m\000a\000t\000i\000n\000g\000\040\000m\000e\000a\000n\000\040\000r\000e\000a\000c\000t\000i\000o\000n\000\040\000t\000i\000m\000e\000s}{subsection.2.1}% 9
\BOOKMARK [3][-]{subsubsection.2.1.5}{\376\377\000D\000i\000s\000c\000u\000s\000s\000i\000o\000n}{subsection.2.1}% 10
\BOOKMARK [2][-]{subsection.2.2}{\376\377\000A\000\040\000m\000u\000l\000t\000i\000-\000l\000e\000v\000e\000l\000\040\000T\000C\000S}{section.2}% 11
\BOOKMARK [1][-]{section.3}{\376\377\000H\000y\000p\000o\000t\000h\000e\000s\000e\000s}{}% 12
\BOOKMARK [2][-]{subsection.3.1}{\376\377\000P\000r\000o\000p\000o\000s\000e\000d\000\040\000M\000o\000d\000i\000f\000i\000c\000a\000t\000i\000o\000n\000s\000\040\000t\000o\000\040\000E\000x\000p\000e\000r\000i\000m\000e\000n\000t\000a\000l\000\040\000D\000e\000s\000i\000g\000n}{section.3}% 13
\BOOKMARK [2][-]{subsection.3.2}{\376\377\000R\000e\000g\000i\000s\000t\000e\000r\000e\000d\000\040\000H\000y\000p\000o\000t\000h\000e\000s\000e\000s}{section.3}% 14
\BOOKMARK [2][-]{subsection.3.3}{\376\377\000P\000l\000a\000n\000n\000e\000d\000\040\000E\000x\000p\000l\000o\000r\000a\000t\000i\000o\000n\000s}{section.3}% 15
\BOOKMARK [2][-]{subsection.3.4}{\376\377\000P\000i\000l\000o\000t\000\040\000E\000x\000p\000e\000r\000i\000m\000e\000n\000t}{section.3}% 16
\BOOKMARK [1][-]{section.4}{\376\377\000G\000e\000n\000e\000r\000a\000l\000\040\000M\000e\000t\000h\000o\000d\000s}{}% 17
\BOOKMARK [2][-]{subsection.4.1}{\376\377\000S\000a\000m\000p\000l\000e\000\040\000S\000i\000z\000e\000:\000\040\000P\000a\000r\000t\000i\000c\000i\000p\000a\000n\000t\000s\000\040\000a\000n\000d\000\040\000T\000r\000i\000a\000l\000s}{section.4}% 18
\BOOKMARK [2][-]{subsection.4.2}{\376\377\000S\000t\000i\000m\000u\000l\000i}{section.4}% 19
\BOOKMARK [2][-]{subsection.4.3}{\376\377\000P\000r\000o\000c\000e\000d\000u\000r\000e}{section.4}% 20
\BOOKMARK [2][-]{subsection.4.4}{\376\377\000D\000a\000t\000a\000\040\000P\000r\000e\000-\000p\000r\000o\000c\000e\000s\000s\000i\000n\000g}{section.4}% 21
\BOOKMARK [2][-]{subsection.4.5}{\376\377\000A\000n\000a\000l\000y\000s\000i\000s\000\040\000P\000l\000a\000n}{section.4}% 22
\BOOKMARK [1][-]{section.5}{\376\377\000R\000e\000s\000u\000l\000t\000s}{}% 23
\BOOKMARK [2][-]{subsection.5.1}{\376\377\000H\000y\000p\000o\000t\000h\000e\000s\000i\000s\000\040\0001\000:\000\040\000S\000h\000i\000f\000t\000e\000d\000-\000l\000o\000g\000n\000o\000r\000m\000a\000l\000\040\000m\000o\000d\000e\000l}{section.5}% 24
\BOOKMARK [2][-]{subsection.5.2}{\376\377\000H\000y\000p\000o\000t\000h\000e\000s\000i\000s\000\040\0002\000:\000\040\000l\000o\000g\000-\000l\000i\000n\000e\000a\000r\000\040\000e\000f\000f\000e\000c\000t\000\040\000o\000f\000\040\000N\000T}{section.5}% 25
\BOOKMARK [2][-]{subsection.5.3}{\376\377\000H\000y\000p\000o\000t\000h\000e\000s\000i\000s\000\040\0003\000:\000\040\000C\000o\000n\000t\000r\000a\000s\000t\000\040\000M\000o\000d\000e\000l\000\040\000C\000o\000m\000p\000a\000r\000i\000s\000o\000n}{section.5}% 26
\BOOKMARK [2][-]{subsection.5.4}{\376\377\000H\000y\000p\000o\000t\000h\000e\000s\000i\000s\000\040\0004\000:\000\040\000R\000e\000a\000c\000t\000i\000o\000n\000\040\000T\000i\000m\000e\000\040\000P\000r\000e\000d\000i\000c\000t\000i\000o\000n\000s}{section.5}% 27
\BOOKMARK [3][-]{subsubsection.5.4.1}{\376\377\000R\000e\000g\000i\000s\000t\000e\000r\000e\000d\000\040\000M\000e\000t\000h\000o\000d}{subsection.5.4}% 28
\BOOKMARK [3][-]{subsubsection.5.4.2}{\376\377\000U\000p\000d\000a\000t\000e\000d\000\040\000M\000e\000t\000h\000o\000d}{subsection.5.4}% 29
\BOOKMARK [1][-]{section.6}{\376\377\000P\000l\000a\000n\000n\000e\000d\000\040\000E\000x\000p\000l\000o\000r\000a\000t\000i\000o\000n\000s}{}% 30
\BOOKMARK [2][-]{subsection.6.1}{\376\377\000I\000n\000d\000i\000v\000i\000d\000u\000a\000l\000\040\000D\000i\000f\000f\000e\000r\000e\000n\000c\000e\000s}{section.6}% 31
\BOOKMARK [2][-]{subsection.6.2}{\376\377\000T\000a\000r\000g\000e\000t\000\040\000E\000c\000c\000e\000n\000t\000r\000i\000c\000i\000t\000y}{section.6}% 32
\BOOKMARK [2][-]{subsection.6.3}{\376\377\000P\000r\000e\000d\000i\000c\000t\000i\000n\000g\000\040\000R\000e\000s\000p\000o\000n\000s\000e\000\040\000T\000i\000m\000e\000s}{section.6}% 33
\BOOKMARK [2][-]{subsection.6.4}{\376\377\000I\000s\000s\000u\000e\000s\000\040\000w\000i\000t\000h\000\040\000t\000h\000e\000\040\000C\000o\000l\000l\000i\000n\000e\000a\000r\000\040\000C\000o\000n\000t\000r\000a\000s\000t\000\040\000m\000e\000t\000h\000o\000d}{section.6}% 34
\BOOKMARK [1][-]{section.7}{\376\377\000G\000e\000n\000e\000r\000a\000l\000\040\000D\000i\000s\000c\000u\000s\000s\000i\000o\000n}{}% 35
\BOOKMARK [2][-]{subsection.7.1}{\376\377\000M\000o\000d\000e\000l\000l\000i\000n\000g\000\040\000o\000f\000\040\000r\000e\000a\000c\000t\000i\000o\000n\000\040\000t\000i\000m\000e\000s}{section.7}% 36
\BOOKMARK [2][-]{subsection.7.2}{\376\377\000D\000i\000s\000c\000r\000i\000m\000i\000n\000a\000t\000i\000n\000g\000\040\000b\000e\000t\000w\000e\000e\000n\000\040\000c\000o\000m\000b\000i\000n\000a\000t\000i\000o\000n\000\040\000m\000e\000t\000h\000o\000d\000s}{section.7}% 37
\BOOKMARK [3][-]{subsubsection.7.2.1}{\376\377\000I\000n\000d\000i\000v\000i\000d\000u\000a\000l\000\040\000d\000i\000f\000f\000e\000r\000e\000n\000c\000e\000s}{subsection.7.2}% 38
\BOOKMARK [3][-]{subsubsection.7.2.2}{\376\377\000E\000c\000c\000e\000n\000t\000r\000i\000c\000i\000t\000y}{subsection.7.2}% 39
\BOOKMARK [2][-]{subsection.7.3}{\376\377\000L\000e\000s\000s\000o\000n\000s\000\040\000l\000e\000a\000r\000n\000e\000d\000\040\000f\000r\000o\000m\000\040\000o\000u\000r\000\040\000m\000o\000d\000e\000l\000l\000i\000n\000g\000\040\000a\000p\000p\000r\000o\000a\000c\000h}{section.7}% 40
